<?xml version="1.0" encoding="UTF-8"?>
<!-- Generated by org.testng.reporters.JUnitReportReporter -->
<testsuite hostname="DESKTOP-AGPSRKS" failures="0" tests="2" name="com.PB.pagestest.PB_logout_test" time="0.054" errors="0" timestamp="2023-04-25T19:17:54 IST" skipped="0">
  <testcase classname="com.PB.pagestest.PB_logout_test" name="getloginpageURLTest" time="0.019"/>
  <system-out/>
  <testcase classname="com.PB.pagestest.PB_logout_test" name="getpageTitleTest" time="0.035"/>
  <system-out/>
</testsuite> <!-- com.PB.pagestest.PB_logout_test -->
