<?xml version="1.0" encoding="UTF-8"?>
<!-- Generated by org.testng.reporters.JUnitReportReporter -->
<testsuite hostname="DESKTOP-AGPSRKS" failures="0" tests="5" name="com.PB.pagestest.homepagetest" time="0.961" errors="0" timestamp="2023-04-25T19:17:55 IST" skipped="0">
  <testcase classname="com.PB.pagestest.homepagetest" name="currenturlTest" time="0.033"/>
  <system-out/>
  <testcase classname="com.PB.pagestest.homepagetest" name="headertextTest" time="0.061"/>
  <system-out/>
  <testcase classname="com.PB.pagestest.homepagetest" name="totallinkscountTest" time="0.588"/>
  <system-out/>
  <testcase classname="com.PB.pagestest.homepagetest" name="headerlinkscountTest" time="0.116"/>
  <system-out/>
  <testcase classname="com.PB.pagestest.homepagetest" name="welcomelinkstextTest" time="0.163"/>
  <system-out/>
</testsuite> <!-- com.PB.pagestest.homepagetest -->
