<?xml version="1.0" encoding="UTF-8"?>
<!-- Generated by org.testng.reporters.JUnitReportReporter -->
<testsuite hostname="DESKTOP-AGPSRKS" failures="0" tests="6" name="com.PB.pagestest.PB_billpaypagestest" time="2.003" errors="0" timestamp="2023-04-25T19:17:55 IST" skipped="0">
  <testcase classname="com.PB.pagestest.PB_billpaypagestest" name="urltest" time="0.045"/>
  <system-out/>
  <testcase classname="com.PB.pagestest.PB_billpaypagestest" name="PageheaderTest" time="0.060"/>
  <system-out/>
  <testcase classname="com.PB.pagestest.PB_billpaypagestest" name="inform_textTest" time="0.035"/>
  <system-out/>
  <testcase classname="com.PB.pagestest.PB_billpaypagestest" name="requiredfieldsTest" time="0.102"/>
  <system-out/>
  <testcase classname="com.PB.pagestest.PB_billpaypagestest" name="requiredfieldsTextTest" time="0.323"/>
  <system-out/>
  <testcase classname="com.PB.pagestest.PB_billpaypagestest" name="PaymentcompleteTest" time="1.438"/>
  <system-out/>
</testsuite> <!-- com.PB.pagestest.PB_billpaypagestest -->
