<?xml version="1.0" encoding="UTF-8"?>
<!-- Generated by org.testng.reporters.JUnitReportReporter -->
<testsuite hostname="DESKTOP-AGPSRKS" failures="0" tests="5" name="com.PB.pagestest.PB_FooterpageTest" time="2.666" errors="0" timestamp="2023-04-25T19:17:54 IST" skipped="0">
  <testcase classname="com.PB.pagestest.PB_FooterpageTest" name="footer_link_countTest" time="0.049"/>
  <system-out/>
  <testcase classname="com.PB.pagestest.PB_FooterpageTest" name="footer_textTest" time="0.177"/>
  <system-out/>
  <testcase classname="com.PB.pagestest.PB_FooterpageTest" name="services_linksTest" time="0.664"/>
  <system-out/>
  <testcase classname="com.PB.pagestest.PB_FooterpageTest" name="customer_careTest" time="0.602"/>
  <system-out/>
  <testcase classname="com.PB.pagestest.PB_FooterpageTest" name="customer_care_requestTest" time="1.174"/>
  <system-out/>
</testsuite> <!-- com.PB.pagestest.PB_FooterpageTest -->
