<?xml version="1.0" encoding="UTF-8"?>
<!-- Generated by org.testng.reporters.JUnitReportReporter -->
<testsuite hostname="DESKTOP-AGPSRKS" failures="0" tests="3" name="com.PB.pagestest.PBpagestest" time="1.871" errors="0" timestamp="2023-04-12T10:18:01 IST" skipped="0">
  <testcase classname="com.PB.pagestest.PBpagestest" name="getcurrenttest" time="0.024"/>
  <system-out/>
  <testcase classname="com.PB.pagestest.PBpagestest" name="headertest" time="0.058"/>
  <system-out/>
  <testcase classname="com.PB.pagestest.PBpagestest" name="loginpagetest" time="1.789"/>
  <system-out/>
</testsuite> <!-- com.PB.pagestest.PBpagestest -->
