<?xml version="1.0" encoding="UTF-8"?>
<!-- Generated by org.testng.reporters.JUnitReportReporter -->
<testsuite hostname="DESKTOP-AGPSRKS" failures="0" tests="3" name="com.PB.pagestest.opennew_pagestest" time="10.500" errors="0" timestamp="2023-04-25T19:17:54 IST" skipped="0">
  <testcase classname="com.PB.pagestest.opennew_pagestest" name="currenurlTest" time="0.027"/>
  <system-out/>
  <testcase classname="com.PB.pagestest.opennew_pagestest" name="headertextTest" time="0.076"/>
  <system-out/>
  <testcase classname="com.PB.pagestest.opennew_pagestest" name="createAccountTest" time="10.397"/>
  <system-out/>
</testsuite> <!-- com.PB.pagestest.opennew_pagestest -->
