<?xml version="1.0" encoding="UTF-8"?>
<!-- Generated by org.testng.reporters.JUnitReportReporter -->
<testsuite hostname="DESKTOP-AGPSRKS" failures="0" tests="4" name="com.PB.pagestest.PB_requestloan_test" time="1.217" errors="0" timestamp="2023-04-24T10:27:18 IST" skipped="0">
  <testcase classname="com.PB.pagestest.PB_requestloan_test" name="geturlTest" time="0.032"/>
  <system-out/>
  <testcase classname="com.PB.pagestest.PB_requestloan_test" name="HeadertextTest" time="0.055"/>
  <system-out/>
  <testcase classname="com.PB.pagestest.PB_requestloan_test" name="LoanRequestProcessTest" time="1.097"/>
  <system-out/>
  <testcase classname="com.PB.pagestest.PB_requestloan_test" name="LoanErrorMsgTest" time="0.033"/>
  <system-out/>
</testsuite> <!-- com.PB.pagestest.PB_requestloan_test -->
