<?xml version="1.0" encoding="UTF-8"?>
<!-- Generated by org.testng.reporters.JUnitReportReporter -->
<testsuite hostname="DESKTOP-AGPSRKS" failures="0" tests="10" name="com.PB.pagestest.com_accountoverviewTest" time="5.185" errors="0" timestamp="2023-04-25T19:17:54 IST" skipped="0">
  <testcase classname="com.PB.pagestest.com_accountoverviewTest" name="currenturlTest" time="0.019"/>
  <system-out/>
  <testcase classname="com.PB.pagestest.com_accountoverviewTest" name="headertextTest" time="0.073"/>
  <system-out/>
  <testcase classname="com.PB.pagestest.com_accountoverviewTest" name="Tablecol_countTest" time="0.135"/>
  <system-out/>
  <testcase classname="com.PB.pagestest.com_accountoverviewTest" name="Tablecol_TextTest" time="0.076"/>
  <system-out/>
  <testcase classname="com.PB.pagestest.com_accountoverviewTest" name="Table_col_textTest" time="0.117"/>
  <system-out/>
  <testcase classname="com.PB.pagestest.com_accountoverviewTest" name="check_balanceTest" time="0.103"/>
  <system-out/>
  <testcase classname="com.PB.pagestest.com_accountoverviewTest" name="AccountverifyTest" time="3.609"/>
  <system-out/>
  <testcase classname="com.PB.pagestest.com_accountoverviewTest" name="Acc_headerTest" time="0.040"/>
  <system-out/>
  <testcase classname="com.PB.pagestest.com_accountoverviewTest" name="AccountTypeverifyTest" time="0.043"/>
  <system-out/>
  <testcase classname="com.PB.pagestest.com_accountoverviewTest" name="acc_activityTest" time="0.970"/>
  <system-out/>
</testsuite> <!-- com.PB.pagestest.com_accountoverviewTest -->
