<?xml version="1.0" encoding="UTF-8"?>
<!-- Generated by org.testng.reporters.JUnitReportReporter -->
<testsuite hostname="DESKTOP-AGPSRKS" failures="0" tests="3" name="com.PB.pagestest.com_tranferfundTest" time="5.760" errors="0" timestamp="2023-04-25T19:17:54 IST" skipped="0">
  <testcase classname="com.PB.pagestest.com_tranferfundTest" name="getpageurlTest" time="0.021"/>
  <system-out/>
  <testcase classname="com.PB.pagestest.com_tranferfundTest" name="pageheadertextTest" time="0.066"/>
  <system-out/>
  <testcase classname="com.PB.pagestest.com_tranferfundTest" name="Transfer_errorTest" time="5.673"/>
  <system-out/>
</testsuite> <!-- com.PB.pagestest.com_tranferfundTest -->
