<?xml version="1.0" encoding="UTF-8"?>
<!-- Generated by org.testng.reporters.JUnitReportReporter -->
<testsuite hostname="DESKTOP-AGPSRKS" failures="0" tests="5" name="com.PB.pagestest.PB_AboutUsPageTest" time="0.215" errors="0" timestamp="2023-04-25T19:17:54 IST" skipped="0">
  <testcase classname="com.PB.pagestest.PB_AboutUsPageTest" name="geturlTest" time="0.012"/>
  <system-out/>
  <testcase classname="com.PB.pagestest.PB_AboutUsPageTest" name="headerTest" time="0.064"/>
  <system-out/>
  <testcase classname="com.PB.pagestest.PB_AboutUsPageTest" name="linkTest" time="0.061"/>
  <system-out/>
  <testcase classname="com.PB.pagestest.PB_AboutUsPageTest" name="aboutus_textTest" time="0.045"/>
  <system-out/>
  <testcase classname="com.PB.pagestest.PB_AboutUsPageTest" name="customer_noTest" time="0.033"/>
  <system-out/>
</testsuite> <!-- com.PB.pagestest.PB_AboutUsPageTest -->
