<?xml version="1.0" encoding="UTF-8"?>
<!-- Generated by org.testng.reporters.JUnitReportReporter -->
<testsuite hostname="DESKTOP-AGPSRKS" failures="0" tests="8" name="com.PB.pagestest.PBloginpagestest" time="6.650" errors="0" timestamp="2023-04-25T19:17:54 IST" skipped="0">
  <testcase classname="com.PB.pagestest.PBloginpagestest" name="currenturlTest" time="0.043"/>
  <system-out/>
  <testcase classname="com.PB.pagestest.PBloginpagestest" name="headertextTest" time="0.110"/>
  <system-out/>
  <testcase classname="com.PB.pagestest.PBloginpagestest" name="errormsgTest" time="1.632"/>
  <system-out/>
  <testcase classname="com.PB.pagestest.PBloginpagestest" name="errtextTest" time="1.247"/>
  <system-out/>
  <testcase classname="com.PB.pagestest.PBloginpagestest" name="invalidloginTest" time="1.130"/>
  <system-out/>
  <testcase classname="com.PB.pagestest.PBloginpagestest" name="invalidloginTest1" time="0.698"/>
  <system-out/>
  <testcase classname="com.PB.pagestest.PBloginpagestest" name="invalidloginTest2" time="0.725"/>
  <system-out/>
  <testcase classname="com.PB.pagestest.PBloginpagestest" name="successfullLoginTest" time="1.065"/>
  <system-out/>
</testsuite> <!-- com.PB.pagestest.PBloginpagestest -->
