<?xml version="1.0" encoding="UTF-8"?>
<!-- Generated by org.testng.reporters.JUnitReportReporter -->
<testsuite hostname="DESKTOP-AGPSRKS" failures="0" tests="1" name="com.PB.pagestest.PB_findtransationtest" time="0.019" errors="0" timestamp="2023-04-25T19:17:55 IST" skipped="0">
  <testcase classname="com.PB.pagestest.PB_findtransationtest" name="urltest" time="0.019"/>
  <system-out/>
</testsuite> <!-- com.PB.pagestest.PB_findtransationtest -->
