<?xml version="1.0" encoding="UTF-8"?>
<!-- Generated by org.testng.reporters.JUnitReportReporter -->
<testsuite hostname="DESKTOP-AGPSRKS" failures="0" tests="5" name="com.PB.pagestest.PB_Adminpagetest" time="0.965" errors="0" timestamp="2023-04-25T19:17:54 IST" skipped="0">
  <testcase classname="com.PB.pagestest.PB_Adminpagetest" name="getadminpage_urlTest" time="0.014"/>
  <system-out/>
  <testcase classname="com.PB.pagestest.PB_Adminpagetest" name="admin_paheheaderTest" time="0.110"/>
  <system-out/>
  <testcase classname="com.PB.pagestest.PB_Adminpagetest" name="admintableheading_textTest" time="0.220"/>
  <system-out/>
  <testcase classname="com.PB.pagestest.PB_Adminpagetest" name="tablecountTest" time="0.032"/>
  <system-out/>
  <testcase classname="com.PB.pagestest.PB_Adminpagetest" name="databaseTextTest" time="0.589"/>
  <system-out/>
</testsuite> <!-- com.PB.pagestest.PB_Adminpagetest -->
