<?xml version="1.0" encoding="UTF-8"?>
<!-- Generated by org.testng.reporters.JUnitReportReporter -->
<testsuite hostname="DESKTOP-AGPSRKS" failures="0" tests="3" name="com.PB.pagestest.PB_updatepagestest" time="1.942" errors="0" timestamp="2023-04-25T19:17:55 IST" skipped="0">
  <testcase classname="com.PB.pagestest.PB_updatepagestest" name="getpageurl" time="0.011"/>
  <system-out/>
  <testcase classname="com.PB.pagestest.PB_updatepagestest" name="Page_headerTest" time="0.083"/>
  <system-out/>
  <testcase classname="com.PB.pagestest.PB_updatepagestest" name="updatedSuccesfullyTest" time="1.848"/>
  <system-out/>
</testsuite> <!-- com.PB.pagestest.PB_updatepagestest -->
