<?xml version="1.0" encoding="UTF-8"?>
<!-- Generated by org.testng.reporters.JUnitReportReporter -->
<testsuite hostname="DESKTOP-AGPSRKS" failures="0" tests="4" name="com.PB.pagestest.PB_servicepagetest" time="0.338" errors="0" timestamp="2023-04-25T19:17:54 IST" skipped="0">
  <testcase classname="com.PB.pagestest.PB_servicepagetest" name="getcurrent_urlTest" time="0.009"/>
  <system-out/>
  <testcase classname="com.PB.pagestest.PB_servicepagetest" name="last_table_headingTest" time="0.077"/>
  <system-out/>
  <testcase classname="com.PB.pagestest.PB_servicepagetest" name="tablecountTest" time="0.024"/>
  <system-out/>
  <testcase classname="com.PB.pagestest.PB_servicepagetest" name="Table1textTest" time="0.228"/>
  <system-out/>
</testsuite> <!-- com.PB.pagestest.PB_servicepagetest -->
